

Microchip Technology PIC LITE Macro Assembler V1.44 build -154322312 
                                                                                               Mon Jan 15 11:04:56 2018

Microchip Technology Omniscient Code Generator v1.44 (Free mode) build 201709140600
     1                           	processor	12F1840
     2                           	opt	pw 120
     3                           	opt	lm
     4                           	psect	idataBANK0,global,class=CODE,delta=2
     5                           	psect	stringtext1,global,class=STRCODE,delta=2
     6                           	psect	stringtext2,global,class=STRCODE,delta=2
     7                           	psect	cinit,global,class=CODE,merge=1,delta=2
     8                           	psect	bssBANK0,global,class=BANK0,space=1,delta=1
     9                           	psect	dataBANK0,global,class=BANK0,space=1,delta=1
    10                           	psect	inittext,global,class=CODE,delta=2
    11                           	psect	clrtext,global,class=CODE,delta=2
    12                           	psect	cstackCOMMON,global,class=COMMON,space=1,delta=1
    13                           	psect	cstackBANK0,global,class=BANK0,space=1,delta=1
    14                           	psect	maintext,global,class=CODE,merge=1,split=1,delta=2
    15                           	psect	text1,local,class=CODE,merge=1,delta=2
    16                           	psect	text2,local,class=CODE,merge=1,delta=2,group=2
    17                           	psect	text3,local,class=CODE,merge=1,delta=2
    18                           	psect	text4,local,class=CODE,merge=1,delta=2
    19                           	dabs	1,0x7E,2
    20  0000                     
    21                           ; Version 1.44
    22                           ; Generated 14/09/2017 GMT
    23                           ; 
    24                           ; Copyright © 2017, Microchip Technology Inc. and its subsidiaries ("Microchip")
    25                           ; All rights reserved.
    26                           ; 
    27                           ; This software is developed by Microchip Technology Inc. and its subsidiaries ("Microch
      +                          ip").
    28                           ; 
    29                           ; Redistribution and use in source and binary forms, with or without modification, are
    30                           ; permitted provided that the following conditions are met:
    31                           ; 
    32                           ;     1. Redistributions of source code must retain the above copyright notice, this lis
      +                          t of
    33                           ;        conditions and the following disclaimer.
    34                           ; 
    35                           ;     2. Redistributions in binary form must reproduce the above copyright notice, this 
      +                          list
    36                           ;        of conditions and the following disclaimer in the documentation and/or other
    37                           ;        materials provided with the distribution.
    38                           ; 
    39                           ;     3. Microchip's name may not be used to endorse or promote products derived from th
      +                          is
    40                           ;        software without specific prior written permission.
    41                           ; 
    42                           ; THIS SOFTWARE IS PROVIDED BY MICROCHIP "AS IS" AND ANY EXPRESS OR IMPLIED WARRANTIES,
    43                           ; INCLUDING, BUT NOT LIMITED TO, THE IMPLIED WARRANTIES OF MERCHANTABILITY AND FITNESS F
      +                          OR
    44                           ; PURPOSE ARE DISCLAIMED.  IN NO EVENT SHALL MICROCHIP BE LIABLE FOR ANY DIRECT, INDIREC
      +                          T,
    45                           ; INCIDENTAL, SPECIAL, EXEMPLARY, OR CONSEQUENTIAL DAMAGES (INCLUDING BUT NOT LIMITED TO
    46                           ; PROCUREMENT OF SUBSTITUTE GOODS OR SERVICES; LOSS OF USE, DATA OR PROFITS; OR BUSINESS
    47                           ; INTERRUPTION) HOWSOEVER CAUSED AND ON ANY THEORY OF LIABILITY, WHETHER IN CONTRACT, ST
      +                          RICT
    48                           ; LIABILITY, OR TORT (INCLUDING NEGLIGENCE OR OTHERWISE) ARISING IN ANY WAY OUT OF THE U
      +                          SE OF
    49                           ; THIS SOFTWARE, EVEN IF ADVISED OF THE POSSIBILITY OF SUCH DAMAGE.
    50                           ; 
    51                           ; 
    52                           ; Code-generator required, PIC12F1840 Definitions
    53                           ; 
    54                           ; SFR Addresses
    55  0000                     	;# 
    56  0001                     	;# 
    57  0002                     	;# 
    58  0003                     	;# 
    59  0004                     	;# 
    60  0005                     	;# 
    61  0006                     	;# 
    62  0007                     	;# 
    63  0008                     	;# 
    64  0009                     	;# 
    65  000A                     	;# 
    66  000B                     	;# 
    67  000C                     	;# 
    68  0011                     	;# 
    69  0012                     	;# 
    70  0015                     	;# 
    71  0016                     	;# 
    72  0016                     	;# 
    73  0017                     	;# 
    74  0018                     	;# 
    75  0019                     	;# 
    76  001A                     	;# 
    77  001B                     	;# 
    78  001C                     	;# 
    79  001E                     	;# 
    80  001F                     	;# 
    81  008C                     	;# 
    82  0091                     	;# 
    83  0092                     	;# 
    84  0095                     	;# 
    85  0096                     	;# 
    86  0097                     	;# 
    87  0098                     	;# 
    88  0099                     	;# 
    89  009A                     	;# 
    90  009B                     	;# 
    91  009B                     	;# 
    92  009C                     	;# 
    93  009D                     	;# 
    94  009E                     	;# 
    95  010C                     	;# 
    96  0111                     	;# 
    97  0112                     	;# 
    98  0115                     	;# 
    99  0116                     	;# 
   100  0117                     	;# 
   101  0118                     	;# 
   102  0119                     	;# 
   103  011A                     	;# 
   104  011B                     	;# 
   105  011D                     	;# 
   106  011D                     	;# 
   107  018C                     	;# 
   108  0191                     	;# 
   109  0191                     	;# 
   110  0192                     	;# 
   111  0193                     	;# 
   112  0193                     	;# 
   113  0193                     	;# 
   114  0194                     	;# 
   115  0195                     	;# 
   116  0196                     	;# 
   117  0197                     	;# 
   118  0199                     	;# 
   119  019A                     	;# 
   120  019B                     	;# 
   121  019B                     	;# 
   122  019B                     	;# 
   123  019B                     	;# 
   124  019C                     	;# 
   125  019C                     	;# 
   126  019D                     	;# 
   127  019E                     	;# 
   128  019F                     	;# 
   129  020C                     	;# 
   130  0211                     	;# 
   131  0211                     	;# 
   132  0212                     	;# 
   133  0212                     	;# 
   134  0213                     	;# 
   135  0213                     	;# 
   136  0214                     	;# 
   137  0214                     	;# 
   138  0215                     	;# 
   139  0215                     	;# 
   140  0215                     	;# 
   141  0216                     	;# 
   142  0216                     	;# 
   143  0217                     	;# 
   144  0217                     	;# 
   145  0291                     	;# 
   146  0291                     	;# 
   147  0292                     	;# 
   148  0293                     	;# 
   149  0294                     	;# 
   150  0295                     	;# 
   151  0295                     	;# 
   152  0296                     	;# 
   153  0391                     	;# 
   154  0392                     	;# 
   155  0393                     	;# 
   156  039A                     	;# 
   157  039C                     	;# 
   158  039D                     	;# 
   159  039E                     	;# 
   160  039F                     	;# 
   161  0FE4                     	;# 
   162  0FE5                     	;# 
   163  0FE6                     	;# 
   164  0FE7                     	;# 
   165  0FE8                     	;# 
   166  0FE9                     	;# 
   167  0FEA                     	;# 
   168  0FEB                     	;# 
   169  0FED                     	;# 
   170  0FEE                     	;# 
   171  0FEF                     	;# 
   172  0000                     	;# 
   173  0001                     	;# 
   174  0002                     	;# 
   175  0003                     	;# 
   176  0004                     	;# 
   177  0005                     	;# 
   178  0006                     	;# 
   179  0007                     	;# 
   180  0008                     	;# 
   181  0009                     	;# 
   182  000A                     	;# 
   183  000B                     	;# 
   184  000C                     	;# 
   185  0011                     	;# 
   186  0012                     	;# 
   187  0015                     	;# 
   188  0016                     	;# 
   189  0016                     	;# 
   190  0017                     	;# 
   191  0018                     	;# 
   192  0019                     	;# 
   193  001A                     	;# 
   194  001B                     	;# 
   195  001C                     	;# 
   196  001E                     	;# 
   197  001F                     	;# 
   198  008C                     	;# 
   199  0091                     	;# 
   200  0092                     	;# 
   201  0095                     	;# 
   202  0096                     	;# 
   203  0097                     	;# 
   204  0098                     	;# 
   205  0099                     	;# 
   206  009A                     	;# 
   207  009B                     	;# 
   208  009B                     	;# 
   209  009C                     	;# 
   210  009D                     	;# 
   211  009E                     	;# 
   212  010C                     	;# 
   213  0111                     	;# 
   214  0112                     	;# 
   215  0115                     	;# 
   216  0116                     	;# 
   217  0117                     	;# 
   218  0118                     	;# 
   219  0119                     	;# 
   220  011A                     	;# 
   221  011B                     	;# 
   222  011D                     	;# 
   223  011D                     	;# 
   224  018C                     	;# 
   225  0191                     	;# 
   226  0191                     	;# 
   227  0192                     	;# 
   228  0193                     	;# 
   229  0193                     	;# 
   230  0193                     	;# 
   231  0194                     	;# 
   232  0195                     	;# 
   233  0196                     	;# 
   234  0197                     	;# 
   235  0199                     	;# 
   236  019A                     	;# 
   237  019B                     	;# 
   238  019B                     	;# 
   239  019B                     	;# 
   240  019B                     	;# 
   241  019C                     	;# 
   242  019C                     	;# 
   243  019D                     	;# 
   244  019E                     	;# 
   245  019F                     	;# 
   246  020C                     	;# 
   247  0211                     	;# 
   248  0211                     	;# 
   249  0212                     	;# 
   250  0212                     	;# 
   251  0213                     	;# 
   252  0213                     	;# 
   253  0214                     	;# 
   254  0214                     	;# 
   255  0215                     	;# 
   256  0215                     	;# 
   257  0215                     	;# 
   258  0216                     	;# 
   259  0216                     	;# 
   260  0217                     	;# 
   261  0217                     	;# 
   262  0291                     	;# 
   263  0291                     	;# 
   264  0292                     	;# 
   265  0293                     	;# 
   266  0294                     	;# 
   267  0295                     	;# 
   268  0295                     	;# 
   269  0296                     	;# 
   270  0391                     	;# 
   271  0392                     	;# 
   272  0393                     	;# 
   273  039A                     	;# 
   274  039C                     	;# 
   275  039D                     	;# 
   276  039E                     	;# 
   277  039F                     	;# 
   278  0FE4                     	;# 
   279  0FE5                     	;# 
   280  0FE6                     	;# 
   281  0FE7                     	;# 
   282  0FE8                     	;# 
   283  0FE9                     	;# 
   284  0FEA                     	;# 
   285  0FEB                     	;# 
   286  0FED                     	;# 
   287  0FEE                     	;# 
   288  0FEF                     	;# 
   289  0000                     	;# 
   290  0001                     	;# 
   291  0002                     	;# 
   292  0003                     	;# 
   293  0004                     	;# 
   294  0005                     	;# 
   295  0006                     	;# 
   296  0007                     	;# 
   297  0008                     	;# 
   298  0009                     	;# 
   299  000A                     	;# 
   300  000B                     	;# 
   301  000C                     	;# 
   302  0011                     	;# 
   303  0012                     	;# 
   304  0015                     	;# 
   305  0016                     	;# 
   306  0016                     	;# 
   307  0017                     	;# 
   308  0018                     	;# 
   309  0019                     	;# 
   310  001A                     	;# 
   311  001B                     	;# 
   312  001C                     	;# 
   313  001E                     	;# 
   314  001F                     	;# 
   315  008C                     	;# 
   316  0091                     	;# 
   317  0092                     	;# 
   318  0095                     	;# 
   319  0096                     	;# 
   320  0097                     	;# 
   321  0098                     	;# 
   322  0099                     	;# 
   323  009A                     	;# 
   324  009B                     	;# 
   325  009B                     	;# 
   326  009C                     	;# 
   327  009D                     	;# 
   328  009E                     	;# 
   329  010C                     	;# 
   330  0111                     	;# 
   331  0112                     	;# 
   332  0115                     	;# 
   333  0116                     	;# 
   334  0117                     	;# 
   335  0118                     	;# 
   336  0119                     	;# 
   337  011A                     	;# 
   338  011B                     	;# 
   339  011D                     	;# 
   340  011D                     	;# 
   341  018C                     	;# 
   342  0191                     	;# 
   343  0191                     	;# 
   344  0192                     	;# 
   345  0193                     	;# 
   346  0193                     	;# 
   347  0193                     	;# 
   348  0194                     	;# 
   349  0195                     	;# 
   350  0196                     	;# 
   351  0197                     	;# 
   352  0199                     	;# 
   353  019A                     	;# 
   354  019B                     	;# 
   355  019B                     	;# 
   356  019B                     	;# 
   357  019B                     	;# 
   358  019C                     	;# 
   359  019C                     	;# 
   360  019D                     	;# 
   361  019E                     	;# 
   362  019F                     	;# 
   363  020C                     	;# 
   364  0211                     	;# 
   365  0211                     	;# 
   366  0212                     	;# 
   367  0212                     	;# 
   368  0213                     	;# 
   369  0213                     	;# 
   370  0214                     	;# 
   371  0214                     	;# 
   372  0215                     	;# 
   373  0215                     	;# 
   374  0215                     	;# 
   375  0216                     	;# 
   376  0216                     	;# 
   377  0217                     	;# 
   378  0217                     	;# 
   379  0291                     	;# 
   380  0291                     	;# 
   381  0292                     	;# 
   382  0293                     	;# 
   383  0294                     	;# 
   384  0295                     	;# 
   385  0295                     	;# 
   386  0296                     	;# 
   387  0391                     	;# 
   388  0392                     	;# 
   389  0393                     	;# 
   390  039A                     	;# 
   391  039C                     	;# 
   392  039D                     	;# 
   393  039E                     	;# 
   394  039F                     	;# 
   395  0FE4                     	;# 
   396  0FE5                     	;# 
   397  0FE6                     	;# 
   398  0FE7                     	;# 
   399  0FE8                     	;# 
   400  0FE9                     	;# 
   401  0FEA                     	;# 
   402  0FEB                     	;# 
   403  0FED                     	;# 
   404  0FEE                     	;# 
   405  0FEF                     	;# 
   406                           
   407                           	psect	idataBANK0
   408  061B                     __pidataBANK0:	
   409                           
   410                           ;initializer for _LPFInput
   411  061B  347F               	retlw	127
   412  061C  347F               	retlw	127
   413  061D  347F               	retlw	127
   414  061E  347F               	retlw	127
   415  061F  347F               	retlw	127
   416  0620  347F               	retlw	127
   417  0621  347F               	retlw	127
   418  0622  347F               	retlw	127
   419  0623  347F               	retlw	127
   420  0624  347F               	retlw	127
   421                           
   422                           ;initializer for _green
   423  0625  3440               	retlw	64
   424                           
   425                           	psect	stringtext1
   426  0800                     __pstringtext1:	
   427  0800                     _LPFLookupTable:	
   428  0800  3400               	retlw	0
   429  0801  3400               	retlw	0
   430  0802  3400               	retlw	0
   431  0803  3400               	retlw	0
   432  0804  3400               	retlw	0
   433  0805  3400               	retlw	0
   434  0806  3400               	retlw	0
   435  0807  3400               	retlw	0
   436  0808  3400               	retlw	0
   437  0809  3400               	retlw	0
   438  080A  3400               	retlw	0
   439  080B  3400               	retlw	0
   440  080C  3400               	retlw	0
   441  080D  3400               	retlw	0
   442  080E  3400               	retlw	0
   443  080F  3400               	retlw	0
   444  0810  3400               	retlw	0
   445  0811  3400               	retlw	0
   446  0812  3400               	retlw	0
   447  0813  3400               	retlw	0
   448  0814  3400               	retlw	0
   449  0815  3400               	retlw	0
   450  0816  3400               	retlw	0
   451  0817  3400               	retlw	0
   452  0818  3400               	retlw	0
   453  0819  3400               	retlw	0
   454  081A  3400               	retlw	0
   455  081B  3400               	retlw	0
   456  081C  3400               	retlw	0
   457  081D  3400               	retlw	0
   458  081E  3400               	retlw	0
   459  081F  3400               	retlw	0
   460  0820  3400               	retlw	0
   461  0821  3400               	retlw	0
   462  0822  3400               	retlw	0
   463  0823  3400               	retlw	0
   464  0824  3400               	retlw	0
   465  0825  3400               	retlw	0
   466  0826  3400               	retlw	0
   467  0827  3400               	retlw	0
   468  0828  3400               	retlw	0
   469  0829  3400               	retlw	0
   470  082A  3400               	retlw	0
   471  082B  3400               	retlw	0
   472  082C  3400               	retlw	0
   473  082D  3400               	retlw	0
   474  082E  3400               	retlw	0
   475  082F  3400               	retlw	0
   476  0830  3400               	retlw	0
   477  0831  3400               	retlw	0
   478  0832  3400               	retlw	0
   479  0833  3400               	retlw	0
   480  0834  3400               	retlw	0
   481  0835  3400               	retlw	0
   482  0836  3400               	retlw	0
   483  0837  3400               	retlw	0
   484  0838  3400               	retlw	0
   485  0839  3400               	retlw	0
   486  083A  3400               	retlw	0
   487  083B  3400               	retlw	0
   488  083C  3400               	retlw	0
   489  083D  3400               	retlw	0
   490  083E  3400               	retlw	0
   491  083F  3400               	retlw	0
   492  0840  3400               	retlw	0
   493  0841  3400               	retlw	0
   494  0842  3400               	retlw	0
   495  0843  3400               	retlw	0
   496  0844  3400               	retlw	0
   497  0845  3400               	retlw	0
   498  0846  3400               	retlw	0
   499  0847  3400               	retlw	0
   500  0848  3400               	retlw	0
   501  0849  3400               	retlw	0
   502  084A  3400               	retlw	0
   503  084B  3400               	retlw	0
   504  084C  3400               	retlw	0
   505  084D  3400               	retlw	0
   506  084E  3400               	retlw	0
   507  084F  3400               	retlw	0
   508  0850  3400               	retlw	0
   509  0851  3400               	retlw	0
   510  0852  3400               	retlw	0
   511  0853  3400               	retlw	0
   512  0854  3400               	retlw	0
   513  0855  3400               	retlw	0
   514  0856  3400               	retlw	0
   515  0857  3400               	retlw	0
   516  0858  3401               	retlw	1
   517  0859  3401               	retlw	1
   518  085A  3401               	retlw	1
   519  085B  3402               	retlw	2
   520  085C  3402               	retlw	2
   521  085D  3402               	retlw	2
   522  085E  3402               	retlw	2
   523  085F  3403               	retlw	3
   524  0860  3403               	retlw	3
   525  0861  3403               	retlw	3
   526  0862  3404               	retlw	4
   527  0863  3404               	retlw	4
   528  0864  3404               	retlw	4
   529  0865  3404               	retlw	4
   530  0866  3405               	retlw	5
   531  0867  3405               	retlw	5
   532  0868  3405               	retlw	5
   533  0869  3406               	retlw	6
   534  086A  3406               	retlw	6
   535  086B  3406               	retlw	6
   536  086C  3406               	retlw	6
   537  086D  3407               	retlw	7
   538  086E  3407               	retlw	7
   539  086F  3407               	retlw	7
   540  0870  3408               	retlw	8
   541  0871  3408               	retlw	8
   542  0872  3408               	retlw	8
   543  0873  3408               	retlw	8
   544  0874  3409               	retlw	9
   545  0875  3409               	retlw	9
   546  0876  3409               	retlw	9
   547  0877  340A               	retlw	10
   548  0878  340A               	retlw	10
   549  0879  340A               	retlw	10
   550  087A  340A               	retlw	10
   551  087B  340B               	retlw	11
   552  087C  340B               	retlw	11
   553  087D  340B               	retlw	11
   554  087E  340C               	retlw	12
   555  087F  340C               	retlw	12
   556  0880  340C               	retlw	12
   557  0881  340C               	retlw	12
   558  0882  340D               	retlw	13
   559  0883  340D               	retlw	13
   560  0884  340D               	retlw	13
   561  0885  340E               	retlw	14
   562  0886  340E               	retlw	14
   563  0887  340E               	retlw	14
   564  0888  340E               	retlw	14
   565  0889  340F               	retlw	15
   566  088A  340F               	retlw	15
   567  088B  340F               	retlw	15
   568  088C  3410               	retlw	16
   569  088D  3410               	retlw	16
   570  088E  3410               	retlw	16
   571  088F  3410               	retlw	16
   572  0890  3411               	retlw	17
   573  0891  3411               	retlw	17
   574  0892  3411               	retlw	17
   575  0893  3412               	retlw	18
   576  0894  3412               	retlw	18
   577  0895  3412               	retlw	18
   578  0896  3412               	retlw	18
   579  0897  3413               	retlw	19
   580  0898  3413               	retlw	19
   581  0899  3413               	retlw	19
   582  089A  3414               	retlw	20
   583  089B  3414               	retlw	20
   584  089C  3414               	retlw	20
   585  089D  3414               	retlw	20
   586  089E  3415               	retlw	21
   587  089F  3415               	retlw	21
   588  08A0  3415               	retlw	21
   589  08A1  3416               	retlw	22
   590  08A2  3416               	retlw	22
   591  08A3  3416               	retlw	22
   592  08A4  3416               	retlw	22
   593  08A5  3417               	retlw	23
   594  08A6  3417               	retlw	23
   595  08A7  3417               	retlw	23
   596  08A8  3418               	retlw	24
   597  08A9  3418               	retlw	24
   598  08AA  3418               	retlw	24
   599  08AB  3418               	retlw	24
   600  08AC  3419               	retlw	25
   601  08AD  3419               	retlw	25
   602  08AE  3419               	retlw	25
   603  08AF  341A               	retlw	26
   604  08B0  341A               	retlw	26
   605  08B1  341A               	retlw	26
   606  08B2  341A               	retlw	26
   607  08B3  341B               	retlw	27
   608  08B4  341B               	retlw	27
   609  08B5  341B               	retlw	27
   610  08B6  341C               	retlw	28
   611  08B7  341C               	retlw	28
   612  08B8  341C               	retlw	28
   613  08B9  341C               	retlw	28
   614  08BA  341D               	retlw	29
   615  08BB  341D               	retlw	29
   616  08BC  341D               	retlw	29
   617  08BD  341E               	retlw	30
   618  08BE  341E               	retlw	30
   619  08BF  341E               	retlw	30
   620  08C0  341E               	retlw	30
   621  08C1  341E               	retlw	30
   622  08C2  341E               	retlw	30
   623  08C3  341E               	retlw	30
   624  08C4  341E               	retlw	30
   625  08C5  341E               	retlw	30
   626  08C6  341E               	retlw	30
   627  08C7  3400               	retlw	0
   628  08C8  3400               	retlw	0
   629  08C9  3400               	retlw	0
   630  08CA  3400               	retlw	0
   631  08CB  3400               	retlw	0
   632  08CC  3400               	retlw	0
   633  08CD  3400               	retlw	0
   634  08CE  3400               	retlw	0
   635  08CF  3400               	retlw	0
   636  08D0  3400               	retlw	0
   637  08D1  3400               	retlw	0
   638  08D2  3400               	retlw	0
   639  08D3  3400               	retlw	0
   640  08D4  3400               	retlw	0
   641  08D5  3400               	retlw	0
   642  08D6  3400               	retlw	0
   643  08D7  3400               	retlw	0
   644  08D8  3400               	retlw	0
   645  08D9  3400               	retlw	0
   646  08DA  3400               	retlw	0
   647  08DB  3400               	retlw	0
   648  08DC  3400               	retlw	0
   649  08DD  34DD               	retlw	221
   650  08DE  34DE               	retlw	222
   651  08DF  34DF               	retlw	223
   652  08E0  34E0               	retlw	224
   653  08E1  34E1               	retlw	225
   654  08E2  34E2               	retlw	226
   655  08E3  34E3               	retlw	227
   656  08E4  34E4               	retlw	228
   657  08E5  34E5               	retlw	229
   658  08E6  34E6               	retlw	230
   659  08E7  3400               	retlw	0
   660  08E8  3401               	retlw	1
   661  08E9  3402               	retlw	2
   662  08EA  3404               	retlw	4
   663  08EB  3406               	retlw	6
   664  08EC  3408               	retlw	8
   665  08ED  3409               	retlw	9
   666  08EE  340A               	retlw	10
   667  08EF  340C               	retlw	12
   668  08F0  340E               	retlw	14
   669  08F1  340F               	retlw	15
   670  08F2  3410               	retlw	16
   671  08F3  3412               	retlw	18
   672  08F4  3414               	retlw	20
   673  08F5  3416               	retlw	22
   674  08F6  3418               	retlw	24
   675  08F7  341A               	retlw	26
   676  08F8  341B               	retlw	27
   677  08F9  341C               	retlw	28
   678  08FA  341D               	retlw	29
   679  08FB  341E               	retlw	30
   680  08FC  341E               	retlw	30
   681  08FD  341E               	retlw	30
   682  08FE  341E               	retlw	30
   683  08FF  341E               	retlw	30
   684  0900                     __end_of_LPFLookupTable:	
   685                           
   686                           	psect	stringtext2
   687  0900                     __pstringtext2:	
   688  0900                     _maxLEDs:	
   689  0900  341E               	retlw	30
   690  0901                     __end_of_maxLEDs:	
   691  000B                     _INTCON	set	11
   692  000C                     _PORTA	set	12
   693  009C                     _ADRESH	set	156
   694  0097                     _WDTCON	set	151
   695  008C                     _TRISA	set	140
   696  009E                     _ADCON1	set	158
   697  009D                     _ADCON0	set	157
   698  0095                     _OPTION_REG	set	149
   699  0099                     _OSCCON	set	153
   700  04E9                     _GO	set	1257
   701  04E8                     _ADON	set	1256
   702  04D6                     _PLLR	set	1238
   703  010C                     _LATA	set	268
   704  018C                     _ANSELA	set	396
   705  020C                     _WPUA	set	524
   706                           
   707                           ; #config settings
   708  0000                     
   709                           	psect	cinit
   710  07EA                     start_initialization:	
   711  07EA                     __initialization:	
   712                           
   713                           ; Initialize objects allocated to BANK0
   714  07EA  301B               	movlw	low __pidataBANK0
   715  07EB  0084               	movwf	4
   716  07EC  3086               	movlw	(high __pidataBANK0)| (0+128)
   717  07ED  0085               	movwf	5
   718  07EE  303A               	movlw	low __pdataBANK0
   719  07EF  0086               	movwf	6
   720  07F0  3000               	movlw	high __pdataBANK0
   721  07F1  0087               	movwf	7
   722  07F2  300B               	movlw	11
   723  07F3  3186  2615  3187   	fcall	init_ram
   724                           
   725                           ; Clear objects allocated to BANK0
   726  07F6  3020               	movlw	low __pbssBANK0
   727  07F7  0084               	movwf	4
   728  07F8  3000               	movlw	high __pbssBANK0
   729  07F9  0085               	movwf	5
   730  07FA  300E               	movlw	14
   731  07FB  3186  260F         	fcall	clear_ram0
   732  07FD                     end_of_initialization:	
   733                           ;End of C runtime variable initialization code
   734                           
   735  07FD                     __end_of__initialization:	
   736  07FD  0020               	movlb	0
   737  07FE  3187  2F18         	ljmp	_main	;jump to C main() function
   738                           
   739                           	psect	bssBANK0
   740  0020                     __pbssBANK0:	
   741  0020                     _i:	
   742  0020                     	ds	1
   743  0021                     _temp:	
   744  0021                     	ds	1
   745  0022                     _tempBlue:	
   746  0022                     	ds	1
   747  0023                     _tempGreen:	
   748  0023                     	ds	1
   749  0024                     _tempRed:	
   750  0024                     	ds	1
   751  0025                     _blue:	
   752  0025                     	ds	1
   753  0026                     _red:	
   754  0026                     	ds	1
   755  0027                     _max4:	
   756  0027                     	ds	1
   757  0028                     _max3:	
   758  0028                     	ds	1
   759  0029                     _max2:	
   760  0029                     	ds	1
   761  002A                     _max1:	
   762  002A                     	ds	1
   763  002B                     _tempIN:	
   764  002B                     	ds	1
   765  002C                     _LPFAvg:	
   766  002C                     	ds	1
   767  002D                     _lastVal:	
   768  002D                     	ds	1
   769                           
   770                           	psect	dataBANK0
   771  003A                     __pdataBANK0:	
   772  003A                     _LPFInput:	
   773  003A                     	ds	10
   774  0044                     _green:	
   775  0044                     	ds	1
   776                           
   777                           	psect	inittext
   778  0615                     init_ram:	
   779  0615  00FE               	movwf	126
   780  0616                     initloop:	
   781  0616  0012               	moviw fsr0++
   782  0617  001E               	movwi fsr1++
   783  0618  0BFE               	decfsz	126,f
   784  0619  2E16               	goto	initloop
   785  061A  3400               	retlw	0
   786                           
   787                           	psect	clrtext
   788  060F                     clear_ram0:	
   789                           ;	Called with FSR0 containing the base address, and
   790                           ;	WREG with the size to clear
   791                           
   792  060F  0064               	clrwdt	;clear the watchdog before getting into this loop
   793  0610                     clrloop0:	
   794  0610  0180               	clrf	0	;clear RAM location pointed to by FSR
   795  0611  3101               	addfsr 0,1
   796  0612  0B89               	decfsz	9,f	;Have we reached the end of clearing yet?
   797  0613  2E10               	goto	clrloop0	;have we reached the end yet?
   798  0614  3400               	retlw	0	;all done for this memory range, return
   799                           
   800                           	psect	cstackCOMMON
   801  0070                     __pcstackCOMMON:	
   802  0070                     ?_init:	
   803  0070                     ??_init:	
   804                           ; 1 bytes @ 0x0
   805                           
   806  0070                     ?_adConvert:	
   807                           ; 1 bytes @ 0x0
   808                           
   809  0070                     ??_adConvert:	
   810                           ; 1 bytes @ 0x0
   811                           
   812  0070                     ?_main:	
   813                           ; 1 bytes @ 0x0
   814                           
   815  0070                     ?___awdiv:	
   816                           ; 2 bytes @ 0x0
   817                           
   818  0070                     adConvert@chan:	
   819                           ; 2 bytes @ 0x0
   820                           
   821  0070                     ___awdiv@divisor:	
   822                           ; 1 bytes @ 0x0
   823                           
   824                           
   825                           ; 2 bytes @ 0x0
   826  0070                     	ds	2
   827  0072                     ___awdiv@dividend:	
   828                           
   829                           ; 2 bytes @ 0x2
   830  0072                     	ds	2
   831  0074                     ??___awdiv:	
   832                           
   833                           ; 1 bytes @ 0x4
   834  0074                     	ds	1
   835  0075                     ___awdiv@counter:	
   836                           
   837                           ; 1 bytes @ 0x5
   838  0075                     	ds	1
   839  0076                     ___awdiv@sign:	
   840                           
   841                           ; 1 bytes @ 0x6
   842  0076                     	ds	1
   843  0077                     ___awdiv@quotient:	
   844                           
   845                           ; 2 bytes @ 0x7
   846  0077                     	ds	2
   847  0079                     ?_lights:	
   848  0079                     lights@leds:	
   849                           ; 1 bytes @ 0x9
   850                           
   851                           
   852                           ; 1 bytes @ 0x9
   853  0079                     	ds	1
   854  007A                     ??_lights:	
   855                           
   856                           ; 1 bytes @ 0xA
   857  007A                     	ds	2
   858  007C                     _main$74:	
   859                           
   860                           ; 2 bytes @ 0xC
   861  007C                     	ds	2
   862                           
   863                           	psect	cstackBANK0
   864  002E                     __pcstackBANK0:	
   865  002E                     _lights$66:	
   866                           
   867                           ; 2 bytes @ 0x0
   868  002E                     	ds	2
   869  0030                     lights@height:	
   870                           
   871                           ; 1 bytes @ 0x2
   872  0030                     	ds	1
   873  0031                     ??_main:	
   874                           
   875                           ; 1 bytes @ 0x3
   876  0031                     	ds	9
   877                           
   878                           	psect	maintext
   879  0718                     __pmaintext:	
   880 ;;
   881 ;;Main: autosize = 0, tempsize = 9, incstack = 0, save=0
   882 ;;
   883 ;; *************** function _main *****************
   884 ;; Defined at:
   885 ;;		line 93 in file "RAINBO-LPF.c"
   886 ;; Parameters:    Size  Location     Type
   887 ;;		None
   888 ;; Auto vars:     Size  Location     Type
   889 ;;		None
   890 ;; Return value:  Size  Location     Type
   891 ;;                  2  103[None  ] int 
   892 ;; Registers used:
   893 ;;		wreg, fsr0l, fsr0h, fsr1l, fsr1h, status,2, status,0, pclath, cstack
   894 ;; Tracked objects:
   895 ;;		On entry : B1F/0
   896 ;;		On exit  : 0/0
   897 ;;		Unchanged: 0/0
   898 ;; Data sizes:     COMMON   BANK0   BANK1   BANK2
   899 ;;      Params:         0       0       0       0
   900 ;;      Locals:         2       0       0       0
   901 ;;      Temps:          0       9       0       0
   902 ;;      Totals:         2       9       0       0
   903 ;;Total ram usage:       11 bytes
   904 ;; Hardware stack levels required when called:    2
   905 ;; This function calls:
   906 ;;		___awdiv
   907 ;;		_adConvert
   908 ;;		_init
   909 ;;		_lights
   910 ;; This function is called by:
   911 ;;		Startup code after reset
   912 ;; This function uses a non-reentrant model
   913 ;;
   914                           
   915                           
   916                           ;psect for function _main
   917  0718                     _main:	
   918                           
   919                           ;RAINBO-LPF.c: 94: init();
   920                           
   921                           ;incstack = 0
   922                           ; Regs used in _main: [wreg-fsr1h+status,2+status,0+pclath+cstack]
   923  0718  3186  263A  3187   	fcall	_init
   924                           
   925                           ;RAINBO-LPF.c: 95: _delay((unsigned long)((200)*(32000000/4000000.0)));
   926  071B  30E4               	movlw	228
   927  071C                     u577:	
   928  071C  3200               	nop2
   929  071D  3200               	nop2
   930  071E  0B89               	decfsz	9,f
   931  071F  2F1C               	goto	u577
   932  0720  3200               	nop2
   933  0721  3200               	nop2
   934  0722                     l872:	
   935                           ;RAINBO-LPF.c: 98: while (1) {
   936                           
   937                           
   938                           ;RAINBO-LPF.c: 99: max1 = 0;
   939  0722  0020               	movlb	0	; select bank0
   940  0723  01AA               	clrf	_max1
   941                           
   942                           ;RAINBO-LPF.c: 100: max2 = 0;
   943  0724  01A9               	clrf	_max2
   944                           
   945                           ;RAINBO-LPF.c: 101: max3 = 0;
   946  0725  01A8               	clrf	_max3
   947                           
   948                           ;RAINBO-LPF.c: 102: max4 = 0;
   949  0726  01A7               	clrf	_max4
   950                           
   951                           ;RAINBO-LPF.c: 103: tempIN = adConvert(0b00000100);
   952  0727  3004               	movlw	4
   953  0728  3186  2626  3187   	fcall	_adConvert
   954  072B  0020               	movlb	0	; select bank0
   955  072C  00B1               	movwf	??_main
   956  072D  0831               	movf	??_main,w
   957  072E  00AB               	movwf	_tempIN
   958                           
   959                           ;RAINBO-LPF.c: 104: LPFInput[lastVal] = tempIN;
   960  072F  082B               	movf	_tempIN,w
   961  0730  00B1               	movwf	??_main
   962  0731  082D               	movf	_lastVal,w
   963  0732  3E3A               	addlw	(low (_LPFInput| 0))& (0+255)
   964  0733  0086               	movwf	6
   965  0734  0187               	clrf	7
   966  0735  0831               	movf	??_main,w
   967  0736  0081               	movwf	1
   968                           
   969                           ;RAINBO-LPF.c: 105: lastVal = (lastVal == 9) ? 0 : lastVal + 1;
   970  0737  3009               	movlw	9
   971  0738  062D               	xorwf	_lastVal,w
   972  0739  1903               	btfsc	3,2
   973  073A  2F43               	goto	l888
   974  073B  082D               	movf	_lastVal,w
   975  073C  3E01               	addlw	1
   976  073D  00FC               	movwf	_main$74
   977  073E  3000               	movlw	0
   978  073F  1803               	skipnc
   979  0740  3001               	movlw	1
   980  0741  00FD               	movwf	_main$74+1
   981  0742  2F45               	goto	l890
   982  0743                     l888:	
   983  0743  01FC               	clrf	_main$74
   984  0744  01FD               	clrf	_main$74+1
   985  0745                     l890:	
   986  0745  087C               	movf	_main$74,w
   987  0746  00B1               	movwf	??_main
   988  0747  0831               	movf	??_main,w
   989  0748  00AD               	movwf	_lastVal
   990                           
   991                           ;RAINBO-LPF.c: 106: for (i = 0; i < 10; i++) {
   992  0749  01A0               	clrf	_i
   993  074A  300A               	movlw	10
   994  074B  0220               	subwf	_i,w
   995  074C  1803               	btfsc	3,0
   996  074D  2FB1               	goto	l922
   997  074E                     l896:	
   998                           
   999                           ;RAINBO-LPF.c: 107: if (LPFInput[i] > max1) {
  1000  074E  0820               	movf	_i,w
  1001  074F  3E3A               	addlw	(low (_LPFInput| 0))& (0+255)
  1002  0750  0086               	movwf	6
  1003  0751  0187               	clrf	7
  1004  0752  0801               	movf	1,w
  1005  0753  022A               	subwf	_max1,w
  1006  0754  1803               	skipnc
  1007  0755  2F6B               	goto	l902
  1008                           
  1009                           ;RAINBO-LPF.c: 108: max4 = max3;
  1010  0756  0828               	movf	_max3,w
  1011  0757  00B1               	movwf	??_main
  1012  0758  0831               	movf	??_main,w
  1013  0759  00A7               	movwf	_max4
  1014                           
  1015                           ;RAINBO-LPF.c: 109: max3 = max2;
  1016  075A  0829               	movf	_max2,w
  1017  075B  00B1               	movwf	??_main
  1018  075C  0831               	movf	??_main,w
  1019  075D  00A8               	movwf	_max3
  1020                           
  1021                           ;RAINBO-LPF.c: 110: max2 = max1;
  1022  075E  082A               	movf	_max1,w
  1023  075F  00B1               	movwf	??_main
  1024  0760  0831               	movf	??_main,w
  1025  0761  00A9               	movwf	_max2
  1026                           
  1027                           ;RAINBO-LPF.c: 111: max1 = LPFInput[i];
  1028  0762  0820               	movf	_i,w
  1029  0763  3E3A               	addlw	(low (_LPFInput| 0))& (0+255)
  1030  0764  0086               	movwf	6
  1031  0765  0187               	clrf	7
  1032  0766  0801               	movf	1,w
  1033  0767  00B1               	movwf	??_main
  1034  0768  0831               	movf	??_main,w
  1035  0769  00AA               	movwf	_max1
  1036                           
  1037                           ;RAINBO-LPF.c: 112: } else if (LPFInput[i] > max2) {
  1038  076A  2FA9               	goto	l918
  1039  076B                     l902:	
  1040  076B  0820               	movf	_i,w
  1041  076C  3E3A               	addlw	(low (_LPFInput| 0))& (0+255)
  1042  076D  0086               	movwf	6
  1043  076E  0187               	clrf	7
  1044  076F  0801               	movf	1,w
  1045  0770  0229               	subwf	_max2,w
  1046  0771  1803               	skipnc
  1047  0772  2F84               	goto	l908
  1048                           
  1049                           ;RAINBO-LPF.c: 113: max4 = max3;
  1050  0773  0828               	movf	_max3,w
  1051  0774  00B1               	movwf	??_main
  1052  0775  0831               	movf	??_main,w
  1053  0776  00A7               	movwf	_max4
  1054                           
  1055                           ;RAINBO-LPF.c: 114: max3 = max2;
  1056  0777  0829               	movf	_max2,w
  1057  0778  00B1               	movwf	??_main
  1058  0779  0831               	movf	??_main,w
  1059  077A  00A8               	movwf	_max3
  1060                           
  1061                           ;RAINBO-LPF.c: 115: max2 = LPFInput[i];
  1062  077B  0820               	movf	_i,w
  1063  077C  3E3A               	addlw	(low (_LPFInput| 0))& (0+255)
  1064  077D  0086               	movwf	6
  1065  077E  0187               	clrf	7
  1066  077F  0801               	movf	1,w
  1067  0780  00B1               	movwf	??_main
  1068  0781  0831               	movf	??_main,w
  1069  0782  00A9               	movwf	_max2
  1070                           
  1071                           ;RAINBO-LPF.c: 116: } else if (LPFInput[i] > max3) {
  1072  0783  2FA9               	goto	l918
  1073  0784                     l908:	
  1074  0784  0820               	movf	_i,w
  1075  0785  3E3A               	addlw	(low (_LPFInput| 0))& (0+255)
  1076  0786  0086               	movwf	6
  1077  0787  0187               	clrf	7
  1078  0788  0801               	movf	1,w
  1079  0789  0228               	subwf	_max3,w
  1080  078A  1803               	skipnc
  1081  078B  2F99               	goto	l914
  1082                           
  1083                           ;RAINBO-LPF.c: 117: max4 = max3;
  1084  078C  0828               	movf	_max3,w
  1085  078D  00B1               	movwf	??_main
  1086  078E  0831               	movf	??_main,w
  1087  078F  00A7               	movwf	_max4
  1088                           
  1089                           ;RAINBO-LPF.c: 118: max3 = LPFInput[i];
  1090  0790  0820               	movf	_i,w
  1091  0791  3E3A               	addlw	(low (_LPFInput| 0))& (0+255)
  1092  0792  0086               	movwf	6
  1093  0793  0187               	clrf	7
  1094  0794  0801               	movf	1,w
  1095  0795  00B1               	movwf	??_main
  1096  0796  0831               	movf	??_main,w
  1097  0797  00A8               	movwf	_max3
  1098                           
  1099                           ;RAINBO-LPF.c: 119: } else if (LPFInput[i] > max4) {
  1100  0798  2FA9               	goto	l918
  1101  0799                     l914:	
  1102  0799  0820               	movf	_i,w
  1103  079A  3E3A               	addlw	(low (_LPFInput| 0))& (0+255)
  1104  079B  0086               	movwf	6
  1105  079C  0187               	clrf	7
  1106  079D  0801               	movf	1,w
  1107  079E  0227               	subwf	_max4,w
  1108  079F  1803               	skipnc
  1109  07A0  2FA9               	goto	l918
  1110                           
  1111                           ;RAINBO-LPF.c: 120: max4 = LPFInput[i];
  1112  07A1  0820               	movf	_i,w
  1113  07A2  3E3A               	addlw	(low (_LPFInput| 0))& (0+255)
  1114  07A3  0086               	movwf	6
  1115  07A4  0187               	clrf	7
  1116  07A5  0801               	movf	1,w
  1117  07A6  00B1               	movwf	??_main
  1118  07A7  0831               	movf	??_main,w
  1119  07A8  00A7               	movwf	_max4
  1120  07A9                     l918:	
  1121  07A9  3001               	movlw	1
  1122  07AA  00B1               	movwf	??_main
  1123  07AB  0831               	movf	??_main,w
  1124  07AC  07A0               	addwf	_i,f
  1125  07AD  300A               	movlw	10
  1126  07AE  0220               	subwf	_i,w
  1127  07AF  1C03               	skipc
  1128  07B0  2F4E               	goto	l896
  1129  07B1                     l922:	
  1130                           
  1131                           ;RAINBO-LPF.c: 121: }
  1132                           ;RAINBO-LPF.c: 122: }
  1133                           ;RAINBO-LPF.c: 123: LPFAvg = (max1 + max2 + max3 + max4) / 4;
  1134  07B1  3004               	movlw	4
  1135  07B2  00F0               	movwf	___awdiv@divisor
  1136  07B3  3000               	movlw	0
  1137  07B4  00F1               	movwf	___awdiv@divisor+1
  1138  07B5  0827               	movf	_max4,w
  1139  07B6  00B1               	movwf	??_main
  1140  07B7  01B2               	clrf	??_main+1
  1141  07B8  0828               	movf	_max3,w
  1142  07B9  00B3               	movwf	??_main+2
  1143  07BA  01B4               	clrf	??_main+3
  1144  07BB  082A               	movf	_max1,w
  1145  07BC  0729               	addwf	_max2,w
  1146  07BD  00B5               	movwf	??_main+4
  1147  07BE  01B6               	clrf	??_main+5
  1148  07BF  0DB6               	rlf	??_main+5,f
  1149  07C0  0833               	movf	??_main+2,w
  1150  07C1  0735               	addwf	??_main+4,w
  1151  07C2  00B7               	movwf	??_main+6
  1152  07C3  0834               	movf	??_main+3,w
  1153  07C4  3D36               	addwfc	??_main+5,w
  1154  07C5  00B8               	movwf	??_main+7
  1155  07C6  0831               	movf	??_main,w
  1156  07C7  0737               	addwf	??_main+6,w
  1157  07C8  00F2               	movwf	___awdiv@dividend
  1158  07C9  0832               	movf	??_main+1,w
  1159  07CA  3D38               	addwfc	??_main+7,w
  1160  07CB  00F3               	movwf	___awdiv@dividend+1
  1161  07CC  3186  2656  3187   	fcall	___awdiv
  1162  07CF  0870               	movf	?___awdiv,w
  1163  07D0  0020               	movlb	0	; select bank0
  1164  07D1  00B9               	movwf	??_main+8
  1165  07D2  0839               	movf	??_main+8,w
  1166  07D3  00AC               	movwf	_LPFAvg
  1167                           
  1168                           ;RAINBO-LPF.c: 124: lights(LPFAvg, maxLEDs);
  1169  07D4  3000               	movlw	low (_maxLEDs| (0+32768))
  1170  07D5  0084               	movwf	4
  1171  07D6  3089               	movlw	high (_maxLEDs| (0+32768))
  1172  07D7  0085               	movwf	5
  1173  07D8  0800               	movf	0,w	;code access
  1174  07D9  00B1               	movwf	??_main
  1175  07DA  0831               	movf	??_main,w
  1176  07DB  00F9               	movwf	lights@leds
  1177  07DC  082C               	movf	_LPFAvg,w
  1178  07DD  3186  26A7  3187   	fcall	_lights
  1179                           
  1180                           ;RAINBO-LPF.c: 125: _delay((unsigned long)((5)*(32000000/4000.0)));
  1181  07E0  3034               	movlw	52
  1182  07E1  0020               	movlb	0	; select bank0
  1183  07E2  00B1               	movwf	??_main
  1184  07E3  30F1               	movlw	241
  1185  07E4                     u587:	
  1186  07E4  0B89               	decfsz	9,f
  1187  07E5  2FE4               	goto	u587
  1188  07E6  0BB1               	decfsz	??_main,f
  1189  07E7  2FE4               	goto	u587
  1190  07E8  3200               	nop2
  1191  07E9  2F22               	goto	l872
  1192  07EA                     __end_of_main:	
  1193                           
  1194                           	psect	text1
  1195  06A7                     __ptext1:	
  1196 ;; *************** function _lights *****************
  1197 ;; Defined at:
  1198 ;;		line 52 in file "RAINBO-LPF.c"
  1199 ;; Parameters:    Size  Location     Type
  1200 ;;  height          1    wreg     unsigned char 
  1201 ;;  leds            1    9[COMMON] unsigned char 
  1202 ;; Auto vars:     Size  Location     Type
  1203 ;;  height          1    2[BANK0 ] unsigned char 
  1204 ;; Return value:  Size  Location     Type
  1205 ;;                  1    wreg      void 
  1206 ;; Registers used:
  1207 ;;		wreg, status,2, status,0, pclath, cstack
  1208 ;; Tracked objects:
  1209 ;;		On entry : 0/0
  1210 ;;		On exit  : 0/0
  1211 ;;		Unchanged: 0/0
  1212 ;; Data sizes:     COMMON   BANK0   BANK1   BANK2
  1213 ;;      Params:         1       0       0       0
  1214 ;;      Locals:         0       3       0       0
  1215 ;;      Temps:          2       0       0       0
  1216 ;;      Totals:         3       3       0       0
  1217 ;;Total ram usage:        6 bytes
  1218 ;; Hardware stack levels used:    1
  1219 ;; Hardware stack levels required when called:    1
  1220 ;; This function calls:
  1221 ;;		___awdiv
  1222 ;; This function is called by:
  1223 ;;		_main
  1224 ;; This function uses a non-reentrant model
  1225 ;;
  1226                           
  1227                           
  1228                           ;psect for function _lights
  1229  06A7                     _lights:	
  1230                           
  1231                           ;incstack = 0
  1232                           ; Regs used in _lights: [wreg+status,2+status,0+pclath+cstack]
  1233                           ;lights@height stored from wreg
  1234  06A7  0020               	movlb	0	; select bank0
  1235  06A8  00B0               	movwf	lights@height
  1236                           
  1237                           ;RAINBO-LPF.c: 58: height = (height - 63) / 8;
  1238  06A9  3008               	movlw	8
  1239  06AA  00F0               	movwf	___awdiv@divisor
  1240  06AB  3000               	movlw	0
  1241  06AC  00F1               	movwf	___awdiv@divisor+1
  1242  06AD  0830               	movf	lights@height,w
  1243  06AE  3EC1               	addlw	193
  1244  06AF  00F2               	movwf	___awdiv@dividend
  1245  06B0  30FF               	movlw	255
  1246  06B1  1803               	skipnc
  1247  06B2  3000               	movlw	0
  1248  06B3  00F3               	movwf	___awdiv@dividend+1
  1249  06B4  3186  2656  3186   	fcall	___awdiv
  1250  06B7  0870               	movf	?___awdiv,w
  1251  06B8  00FA               	movwf	??_lights
  1252  06B9  087A               	movf	??_lights,w
  1253  06BA  0020               	movlb	0	; select bank0
  1254  06BB  00B0               	movwf	lights@height
  1255  06BC                     L1:	
  1256  06BC  0879               	movf	lights@leds,w
  1257  06BD  1903               	btfsc	3,2
  1258  06BE  0008               	return
  1259                           
  1260                           ;RAINBO-LPF.c: 60: temp = (leds <= height) ? green : 0;
  1261  06BF  0879               	movf	lights@leds,w
  1262  06C0  0230               	subwf	lights@height,w
  1263  06C1  1803               	skipnc
  1264  06C2  2EC6               	goto	l842
  1265  06C3  01AE               	clrf	_lights$66
  1266  06C4  01AF               	clrf	_lights$66+1
  1267  06C5  2ECD               	goto	l92
  1268  06C6                     l842:	
  1269  06C6  0844               	movf	_green,w
  1270  06C7  00FA               	movwf	??_lights
  1271  06C8  01FB               	clrf	??_lights+1
  1272  06C9  087A               	movf	??_lights,w
  1273  06CA  00AE               	movwf	_lights$66
  1274  06CB  087B               	movf	??_lights+1,w
  1275  06CC  00AF               	movwf	_lights$66+1
  1276  06CD                     l92:	
  1277  06CD  082E               	movf	_lights$66,w
  1278  06CE  00FA               	movwf	??_lights
  1279  06CF  087A               	movf	??_lights,w
  1280  06D0  00A1               	movwf	_temp
  1281                           
  1282                           ;RAINBO-LPF.c: 61: for (i = 8; i != 0; i--) {
  1283  06D1  3008               	movlw	8
  1284  06D2  00FA               	movwf	??_lights
  1285  06D3  087A               	movf	??_lights,w
  1286  06D4  00A0               	movwf	_i
  1287  06D5  0820               	movf	_i,w
  1288  06D6  1903               	btfsc	3,2
  1289  06D7  2EE5               	goto	l850
  1290  06D8                     l93:	
  1291  06D8  160C               	bsf	268,4	;# 
  1292  06D9  0000               	nop	;# 
  1293  06DA  1FA1               	btfss	_temp,7	;# 
  1294  06DB  120C               	bcf	268,4	;# 
  1295  06DC  0000               	nop	;# 
  1296  06DD  35A1               	lslf	_temp,f	;# 
  1297  06DE  120C               	bcf	268,4	;# 
  1298  06DF  3001               	movlw	1
  1299  06E0  0020               	movlb	0	; select bank0
  1300  06E1  02A0               	subwf	_i,f
  1301  06E2  0820               	movf	_i,w
  1302  06E3  1D03               	btfss	3,2
  1303  06E4  2ED8               	goto	l93
  1304  06E5                     l850:	
  1305                           
  1306                           ;RAINBO-LPF.c: 69: }
  1307                           ;RAINBO-LPF.c: 70: temp = red;
  1308  06E5  0826               	movf	_red,w
  1309  06E6  00FA               	movwf	??_lights
  1310  06E7  087A               	movf	??_lights,w
  1311  06E8  00A1               	movwf	_temp
  1312                           
  1313                           ;RAINBO-LPF.c: 71: for (i = 8; i != 0; i--) {
  1314  06E9  3008               	movlw	8
  1315  06EA  00FA               	movwf	??_lights
  1316  06EB  087A               	movf	??_lights,w
  1317  06EC  00A0               	movwf	_i
  1318  06ED  0820               	movf	_i,w
  1319  06EE  1903               	btfsc	3,2
  1320  06EF  2EFD               	goto	l858
  1321  06F0                     l95:	
  1322  06F0  160C               	bsf	268,4	;# 
  1323  06F1  0000               	nop	;# 
  1324  06F2  1FA1               	btfss	_temp,7	;# 
  1325  06F3  120C               	bcf	268,4	;# 
  1326  06F4  0000               	nop	;# 
  1327  06F5  35A1               	lslf	_temp,f	;# 
  1328  06F6  120C               	bcf	268,4	;# 
  1329  06F7  3001               	movlw	1
  1330  06F8  0020               	movlb	0	; select bank0
  1331  06F9  02A0               	subwf	_i,f
  1332  06FA  0820               	movf	_i,w
  1333  06FB  1D03               	btfss	3,2
  1334  06FC  2EF0               	goto	l95
  1335  06FD                     l858:	
  1336                           
  1337                           ;RAINBO-LPF.c: 79: }
  1338                           ;RAINBO-LPF.c: 80: temp = blue;
  1339  06FD  0825               	movf	_blue,w
  1340  06FE  00FA               	movwf	??_lights
  1341  06FF  087A               	movf	??_lights,w
  1342  0700  00A1               	movwf	_temp
  1343                           
  1344                           ;RAINBO-LPF.c: 81: for (i = 8; i != 0; i--) {
  1345  0701  3008               	movlw	8
  1346  0702  00FA               	movwf	??_lights
  1347  0703  087A               	movf	??_lights,w
  1348  0704  00A0               	movwf	_i
  1349  0705  0820               	movf	_i,w
  1350  0706  1903               	btfsc	3,2
  1351  0707  2F15               	goto	l866
  1352  0708                     l97:	
  1353  0708  160C               	bsf	268,4	;# 
  1354  0709  0000               	nop	;# 
  1355  070A  1FA1               	btfss	_temp,7	;# 
  1356  070B  120C               	bcf	268,4	;# 
  1357  070C  0000               	nop	;# 
  1358  070D  35A1               	lslf	_temp,f	;# 
  1359  070E  120C               	bcf	268,4	;# 
  1360  070F  3001               	movlw	1
  1361  0710  0020               	movlb	0	; select bank0
  1362  0711  02A0               	subwf	_i,f
  1363  0712  0820               	movf	_i,w
  1364  0713  1D03               	btfss	3,2
  1365  0714  2F08               	goto	l97
  1366  0715                     l866:	
  1367  0715  3001               	movlw	1
  1368  0716  02F9               	subwf	lights@leds,f
  1369  0717  2EBC               	goto	L1
  1370  0718                     __end_of_lights:	
  1371                           
  1372                           	psect	text2
  1373  0656                     __ptext2:	
  1374 ;; *************** function ___awdiv *****************
  1375 ;; Defined at:
  1376 ;;		line 6 in file "C:\Program Files\Microchip\xc8\v1.44\sources\common\awdiv.c"
  1377 ;; Parameters:    Size  Location     Type
  1378 ;;  divisor         2    0[COMMON] int 
  1379 ;;  dividend        2    2[COMMON] int 
  1380 ;; Auto vars:     Size  Location     Type
  1381 ;;  quotient        2    7[COMMON] int 
  1382 ;;  sign            1    6[COMMON] unsigned char 
  1383 ;;  counter         1    5[COMMON] unsigned char 
  1384 ;; Return value:  Size  Location     Type
  1385 ;;                  2    0[COMMON] int 
  1386 ;; Registers used:
  1387 ;;		wreg, status,2, status,0
  1388 ;; Tracked objects:
  1389 ;;		On entry : 0/0
  1390 ;;		On exit  : 0/0
  1391 ;;		Unchanged: 0/0
  1392 ;; Data sizes:     COMMON   BANK0   BANK1   BANK2
  1393 ;;      Params:         4       0       0       0
  1394 ;;      Locals:         4       0       0       0
  1395 ;;      Temps:          1       0       0       0
  1396 ;;      Totals:         9       0       0       0
  1397 ;;Total ram usage:        9 bytes
  1398 ;; Hardware stack levels used:    1
  1399 ;; This function calls:
  1400 ;;		Nothing
  1401 ;; This function is called by:
  1402 ;;		_lights
  1403 ;;		_main
  1404 ;; This function uses a non-reentrant model
  1405 ;;
  1406                           
  1407                           
  1408                           ;psect for function ___awdiv
  1409  0656                     ___awdiv:	
  1410                           
  1411                           ;incstack = 0
  1412                           ; Regs used in ___awdiv: [wreg+status,2+status,0]
  1413  0656  01F6               	clrf	___awdiv@sign
  1414  0657  1FF1               	btfss	___awdiv@divisor+1,7
  1415  0658  2E60               	goto	l762
  1416  0659  09F0               	comf	___awdiv@divisor,f
  1417  065A  09F1               	comf	___awdiv@divisor+1,f
  1418  065B  0AF0               	incf	___awdiv@divisor,f
  1419  065C  1903               	skipnz
  1420  065D  0AF1               	incf	___awdiv@divisor+1,f
  1421  065E  01F6               	clrf	___awdiv@sign
  1422  065F  0AF6               	incf	___awdiv@sign,f
  1423  0660                     l762:	
  1424  0660  1FF3               	btfss	___awdiv@dividend+1,7
  1425  0661  2E6B               	goto	l768
  1426  0662  09F2               	comf	___awdiv@dividend,f
  1427  0663  09F3               	comf	___awdiv@dividend+1,f
  1428  0664  0AF2               	incf	___awdiv@dividend,f
  1429  0665  1903               	skipnz
  1430  0666  0AF3               	incf	___awdiv@dividend+1,f
  1431  0667  3001               	movlw	1
  1432  0668  00F4               	movwf	??___awdiv
  1433  0669  0874               	movf	??___awdiv,w
  1434  066A  06F6               	xorwf	___awdiv@sign,f
  1435  066B                     l768:	
  1436  066B  01F7               	clrf	___awdiv@quotient
  1437  066C  01F8               	clrf	___awdiv@quotient+1
  1438  066D  0870               	movf	___awdiv@divisor,w
  1439  066E  0471               	iorwf	___awdiv@divisor+1,w
  1440  066F  1903               	btfsc	3,2
  1441  0670  2E9A               	goto	l790
  1442  0671  01F5               	clrf	___awdiv@counter
  1443  0672  0AF5               	incf	___awdiv@counter,f
  1444  0673                     l778:	
  1445  0673  1BF1               	btfsc	___awdiv@divisor+1,7
  1446  0674  2E7F               	goto	l780
  1447  0675  3001               	movlw	1
  1448  0676                     u325:	
  1449  0676  35F0               	lslf	___awdiv@divisor,f
  1450  0677  0DF1               	rlf	___awdiv@divisor+1,f
  1451  0678  0B89               	decfsz	9,f
  1452  0679  2E76               	goto	u325
  1453  067A  3001               	movlw	1
  1454  067B  00F4               	movwf	??___awdiv
  1455  067C  0874               	movf	??___awdiv,w
  1456  067D  07F5               	addwf	___awdiv@counter,f
  1457  067E  2E73               	goto	l778
  1458  067F                     l780:	
  1459  067F  3001               	movlw	1
  1460  0680                     u345:	
  1461  0680  35F7               	lslf	___awdiv@quotient,f
  1462  0681  0DF8               	rlf	___awdiv@quotient+1,f
  1463  0682  0B89               	decfsz	9,f
  1464  0683  2E80               	goto	u345
  1465  0684  0871               	movf	___awdiv@divisor+1,w
  1466  0685  0273               	subwf	___awdiv@dividend+1,w
  1467  0686  1D03               	skipz
  1468  0687  2E8A               	goto	u355
  1469  0688  0870               	movf	___awdiv@divisor,w
  1470  0689  0272               	subwf	___awdiv@dividend,w
  1471  068A                     u355:	
  1472  068A  1C03               	skipc
  1473  068B  2E91               	goto	l786
  1474  068C  0870               	movf	___awdiv@divisor,w
  1475  068D  02F2               	subwf	___awdiv@dividend,f
  1476  068E  0871               	movf	___awdiv@divisor+1,w
  1477  068F  3BF3               	subwfb	___awdiv@dividend+1,f
  1478  0690  1477               	bsf	___awdiv@quotient,0
  1479  0691                     l786:	
  1480  0691  3001               	movlw	1
  1481  0692                     u365:	
  1482  0692  36F1               	lsrf	___awdiv@divisor+1,f
  1483  0693  0CF0               	rrf	___awdiv@divisor,f
  1484  0694  0B89               	decfsz	9,f
  1485  0695  2E92               	goto	u365
  1486  0696  3001               	movlw	1
  1487  0697  02F5               	subwf	___awdiv@counter,f
  1488  0698  1D03               	btfss	3,2
  1489  0699  2E7F               	goto	l780
  1490  069A                     l790:	
  1491  069A  0876               	movf	___awdiv@sign,w
  1492  069B  1903               	btfsc	3,2
  1493  069C  2EA2               	goto	l794
  1494  069D  09F7               	comf	___awdiv@quotient,f
  1495  069E  09F8               	comf	___awdiv@quotient+1,f
  1496  069F  0AF7               	incf	___awdiv@quotient,f
  1497  06A0  1903               	skipnz
  1498  06A1  0AF8               	incf	___awdiv@quotient+1,f
  1499  06A2                     l794:	
  1500  06A2  0878               	movf	___awdiv@quotient+1,w
  1501  06A3  00F1               	movwf	?___awdiv+1
  1502  06A4  0877               	movf	___awdiv@quotient,w
  1503  06A5  00F0               	movwf	?___awdiv
  1504  06A6  0008               	return
  1505  06A7                     __end_of___awdiv:	
  1506                           
  1507                           	psect	text3
  1508  063A                     __ptext3:	
  1509 ;; *************** function _init *****************
  1510 ;; Defined at:
  1511 ;;		line 12 in file "RAINBO.c"
  1512 ;; Parameters:    Size  Location     Type
  1513 ;;		None
  1514 ;; Auto vars:     Size  Location     Type
  1515 ;;		None
  1516 ;; Return value:  Size  Location     Type
  1517 ;;                  1    wreg      void 
  1518 ;; Registers used:
  1519 ;;		wreg, status,2
  1520 ;; Tracked objects:
  1521 ;;		On entry : 0/0
  1522 ;;		On exit  : 0/0
  1523 ;;		Unchanged: 0/0
  1524 ;; Data sizes:     COMMON   BANK0   BANK1   BANK2
  1525 ;;      Params:         0       0       0       0
  1526 ;;      Locals:         0       0       0       0
  1527 ;;      Temps:          0       0       0       0
  1528 ;;      Totals:         0       0       0       0
  1529 ;;Total ram usage:        0 bytes
  1530 ;; Hardware stack levels used:    1
  1531 ;; This function calls:
  1532 ;;		Nothing
  1533 ;; This function is called by:
  1534 ;;		_main
  1535 ;; This function uses a non-reentrant model
  1536 ;;
  1537                           
  1538                           
  1539                           ;psect for function _init
  1540  063A                     _init:	
  1541                           
  1542                           ;RAINBO.c: 16: OSCCON = 0b11110000;
  1543                           
  1544                           ;incstack = 0
  1545                           ; Regs used in _init: [wreg+status,2]
  1546  063A  30F0               	movlw	240
  1547  063B  0021               	movlb	1	; select bank1
  1548  063C  0099               	movwf	25	;volatile
  1549  063D                     l27:	
  1550                           ;RAINBO.c: 17: while(!PLLR);
  1551                           
  1552  063D  1F1A               	btfss	26,6	;volatile
  1553  063E  2E3D               	goto	l27
  1554                           
  1555                           ;RAINBO.c: 21: OPTION_REG = 0b00010000;
  1556  063F  3010               	movlw	16
  1557  0640  0095               	movwf	21	;volatile
  1558                           
  1559                           ;RAINBO.c: 23: PORTA = 0;
  1560  0641  0020               	movlb	0	; select bank0
  1561  0642  018C               	clrf	12	;volatile
  1562                           
  1563                           ;RAINBO.c: 24: LATA = 0;
  1564  0643  0022               	movlb	2	; select bank2
  1565  0644  018C               	clrf	12	;volatile
  1566                           
  1567                           ;RAINBO.c: 25: ANSELA = 0b00000011;
  1568  0645  3003               	movlw	3
  1569  0646  0023               	movlb	3	; select bank3
  1570  0647  008C               	movwf	12	;volatile
  1571                           
  1572                           ;RAINBO.c: 26: ADCON0 = 0b00000000;
  1573  0648  0021               	movlb	1	; select bank1
  1574  0649  019D               	clrf	29	;volatile
  1575                           
  1576                           ;RAINBO.c: 27: ADCON1 = 0b01100000;
  1577  064A  3060               	movlw	96
  1578  064B  009E               	movwf	30	;volatile
  1579                           
  1580                           ;RAINBO.c: 28: TRISA = 0b00001111;
  1581  064C  300F               	movlw	15
  1582  064D  008C               	movwf	12	;volatile
  1583                           
  1584                           ;RAINBO.c: 29: WPUA = 0b00001000;
  1585  064E  3008               	movlw	8
  1586  064F  0024               	movlb	4	; select bank4
  1587  0650  008C               	movwf	12	;volatile
  1588                           
  1589                           ;RAINBO.c: 31: WDTCON = 0b00001010;
  1590  0651  300A               	movlw	10
  1591  0652  0021               	movlb	1	; select bank1
  1592  0653  0097               	movwf	23	;volatile
  1593                           
  1594                           ;RAINBO.c: 35: INTCON = 0;
  1595  0654  018B               	clrf	11	;volatile
  1596  0655  0008               	return
  1597  0656                     __end_of_init:	
  1598                           
  1599                           	psect	text4
  1600  0626                     __ptext4:	
  1601 ;; *************** function _adConvert *****************
  1602 ;; Defined at:
  1603 ;;		line 39 in file "RAINBO-LPF.c"
  1604 ;; Parameters:    Size  Location     Type
  1605 ;;  chan            1    wreg     unsigned char 
  1606 ;; Auto vars:     Size  Location     Type
  1607 ;;  chan            1    0[COMMON] unsigned char 
  1608 ;; Return value:  Size  Location     Type
  1609 ;;                  1    wreg      unsigned char 
  1610 ;; Registers used:
  1611 ;;		wreg, status,2, status,0
  1612 ;; Tracked objects:
  1613 ;;		On entry : 0/0
  1614 ;;		On exit  : 0/0
  1615 ;;		Unchanged: 0/0
  1616 ;; Data sizes:     COMMON   BANK0   BANK1   BANK2
  1617 ;;      Params:         0       0       0       0
  1618 ;;      Locals:         1       0       0       0
  1619 ;;      Temps:          0       0       0       0
  1620 ;;      Totals:         1       0       0       0
  1621 ;;Total ram usage:        1 bytes
  1622 ;; Hardware stack levels used:    1
  1623 ;; This function calls:
  1624 ;;		Nothing
  1625 ;; This function is called by:
  1626 ;;		_main
  1627 ;; This function uses a non-reentrant model
  1628 ;;
  1629                           
  1630                           
  1631                           ;psect for function _adConvert
  1632  0626                     _adConvert:	
  1633                           
  1634                           ;incstack = 0
  1635                           ; Regs used in _adConvert: [wreg+status,2+status,0]
  1636                           ;adConvert@chan stored from wreg
  1637  0626  00F0               	movwf	adConvert@chan
  1638                           
  1639                           ;RAINBO-LPF.c: 40: ADON = 1;
  1640  0627  0021               	movlb	1	; select bank1
  1641  0628  141D               	bsf	29,0	;volatile
  1642                           
  1643                           ;RAINBO-LPF.c: 41: ADCON0 = (ADCON0 & 0b10000011);
  1644  0629  081D               	movf	29,w	;volatile
  1645  062A  3983               	andlw	131
  1646  062B  009D               	movwf	29	;volatile
  1647                           
  1648                           ;RAINBO-LPF.c: 42: ADCON0 = (ADCON0 | chan);
  1649  062C  081D               	movf	29,w	;volatile
  1650  062D  0470               	iorwf	adConvert@chan,w
  1651  062E  009D               	movwf	29	;volatile
  1652                           
  1653                           ;RAINBO-LPF.c: 43: _delay((unsigned long)((2)*(32000000/4000000.0)));
  1654  062F  3005               	movlw	5
  1655  0630                     u597:	
  1656  0630  0B89               	decfsz	9,f
  1657  0631  2E30               	goto	u597
  1658  0632  0000               	nop
  1659                           
  1660                           ;RAINBO-LPF.c: 45: GO = 1;
  1661  0633  0021               	movlb	1	; select bank1
  1662  0634  149D               	bsf	29,1	;volatile
  1663  0635                     l81:	
  1664                           ;RAINBO-LPF.c: 46: while (GO);
  1665                           
  1666  0635  189D               	btfsc	29,1	;volatile
  1667  0636  2E35               	goto	l81
  1668                           
  1669                           ;RAINBO-LPF.c: 48: ADON = 0;
  1670  0637  101D               	bcf	29,0	;volatile
  1671                           
  1672                           ;RAINBO-LPF.c: 49: return (ADRESH);
  1673  0638  081C               	movf	28,w	;volatile
  1674  0639  0008               	return
  1675  063A                     __end_of_adConvert:	
  1676  007E                     btemp	set	126	;btemp
  1677  007E                     wtemp0	set	126


Data Sizes:
    Strings     0
    Constant    257
    Data        11
    BSS         14
    Persistent  0
    Stack       0

Auto Spaces:
    Space          Size  Autos    Used
    COMMON           14     14      14
    BANK0            80     12      37
    BANK1            80      0       0
    BANK2            80      0       0

Pointer List with Targets:

    None.

Critical Paths under _main in COMMON

    _main->_lights
    _lights->___awdiv

Critical Paths under _main in BANK0

    _main->_lights

Critical Paths under _main in BANK1

    None.

Critical Paths under _main in BANK2

    None.

Call Graph Tables:

 ---------------------------------------------------------------------------------
 (Depth) Function   	        Calls       Base Space   Used Autos Params    Refs
 ---------------------------------------------------------------------------------
 (0) _main                                                11    11      0    1259
                                             12 COMMON     2     2      0
                                              3 BANK0      9     9      0
                            ___awdiv
                          _adConvert
                               _init
                             _lights
 ---------------------------------------------------------------------------------
 (1) _lights                                               6     5      1     701
                                              9 COMMON     3     2      1
                                              0 BANK0      3     3      0
                            ___awdiv
 ---------------------------------------------------------------------------------
 (2) ___awdiv                                              9     5      4     512
                                              0 COMMON     9     5      4
 ---------------------------------------------------------------------------------
 (1) _init                                                 0     0      0       0
 ---------------------------------------------------------------------------------
 (1) _adConvert                                            1     1      0      22
                                              0 COMMON     1     1      0
 ---------------------------------------------------------------------------------
 Estimated maximum stack depth 2
 ---------------------------------------------------------------------------------

 Call Graph Graphs:

 _main (ROOT)
   ___awdiv
   _adConvert
   _init
   _lights
     ___awdiv

 Address spaces:
Name               Size   Autos  Total    Cost      Usage
BIGRAM              F0      0       0       0        0.0%
EEDATA             100      0       0       0        0.0%
NULL                 0      0       0       0        0.0%
CODE                 0      0       0       0        0.0%
BITCOMMON            E      0       0       1        0.0%
BITSFR0              0      0       0       1        0.0%
SFR0                 0      0       0       1        0.0%
COMMON               E      E       E       2      100.0%
BITSFR1              0      0       0       2        0.0%
SFR1                 0      0       0       2        0.0%
BITSFR2              0      0       0       3        0.0%
SFR2                 0      0       0       3        0.0%
STACK                0      0       0       3        0.0%
BITSFR3              0      0       0       4        0.0%
SFR3                 0      0       0       4        0.0%
ABS                  0      0      33       4        0.0%
BITBANK0            50      0       0       5        0.0%
BITSFR4              0      0       0       5        0.0%
SFR4                 0      0       0       5        0.0%
BANK0               50      C      25       6       46.3%
BITSFR5              0      0       0       6        0.0%
SFR5                 0      0       0       6        0.0%
BITBANK1            50      0       0       7        0.0%
BITSFR6              0      0       0       7        0.0%
SFR6                 0      0       0       7        0.0%
BANK1               50      0       0       8        0.0%
BITSFR7              0      0       0       8        0.0%
SFR7                 0      0       0       8        0.0%
BITBANK2            50      0       0       9        0.0%
BITSFR8              0      0       0       9        0.0%
SFR8                 0      0       0       9        0.0%
BANK2               50      0       0      10        0.0%
BITSFR9              0      0       0      10        0.0%
SFR9                 0      0       0      10        0.0%
BITSFR10             0      0       0      11        0.0%
SFR10                0      0       0      11        0.0%
DATA                 0      0      33      11        0.0%
BITSFR11             0      0       0      12        0.0%
SFR11                0      0       0      12        0.0%
BITSFR12             0      0       0      13        0.0%
SFR12                0      0       0      13        0.0%
BITSFR13             0      0       0      14        0.0%
SFR13                0      0       0      14        0.0%
BITSFR14             0      0       0      15        0.0%
SFR14                0      0       0      15        0.0%
BITSFR15             0      0       0      16        0.0%
SFR15                0      0       0      16        0.0%
BITSFR16             0      0       0      17        0.0%
SFR16                0      0       0      17        0.0%
BITSFR17             0      0       0      18        0.0%
SFR17                0      0       0      18        0.0%
BITSFR18             0      0       0      19        0.0%
SFR18                0      0       0      19        0.0%
BITSFR19             0      0       0      20        0.0%
SFR19                0      0       0      20        0.0%
BITSFR20             0      0       0      21        0.0%
SFR20                0      0       0      21        0.0%
BITSFR21             0      0       0      22        0.0%
SFR21                0      0       0      22        0.0%
BITSFR22             0      0       0      23        0.0%
SFR22                0      0       0      23        0.0%
BITSFR23             0      0       0      24        0.0%
SFR23                0      0       0      24        0.0%
BITSFR24             0      0       0      25        0.0%
SFR24                0      0       0      25        0.0%
BITSFR25             0      0       0      26        0.0%
SFR25                0      0       0      26        0.0%
BITSFR26             0      0       0      27        0.0%
SFR26                0      0       0      27        0.0%
BITSFR27             0      0       0      28        0.0%
SFR27                0      0       0      28        0.0%
BITSFR28             0      0       0      29        0.0%
SFR28                0      0       0      29        0.0%
BITSFR29             0      0       0      30        0.0%
SFR29                0      0       0      30        0.0%
BITSFR30             0      0       0      31        0.0%
SFR30                0      0       0      31        0.0%
BITSFR31             0      0       0      32        0.0%
SFR31                0      0       0      32        0.0%


Microchip Technology PIC Macro Assembler V1.44 build -154322312 
Symbol Table                                                                                   Mon Jan 15 11:04:56 2018

                      _i 0020              __CFG_CP$OFF 0000                       l27 063D  
                     l81 0635                       l92 06CD                       l93 06D8  
                     l95 06F0                       l97 0708                       _GO 04E9  
           ___awdiv@sign 0076                      LATA 010C   __end_of_LPFLookupTable 0900  
                    l902 076B                      l762 0660                      l850 06E5  
                    l842 06C6                      l914 0799                      l922 07B1  
                    l780 067F                      l908 0784                      l790 069A  
                    l918 07A9                      l768 066B                      l872 0722  
                    l794 06A2                      l786 0691                      l778 0673  
                    l866 0715                      l858 06FD                      l890 0745  
                    l896 074E                      l888 0743                      u325 0676  
                    u345 0680             __CFG_CPD$OFF 0000                      u355 068A  
                    u365 0692                      u577 071C                      u587 07E4  
                    u597 0630                      _red 0026             __CFG_BORV$LO 0000  
                    wreg 0009             __CFG_LVP$OFF 0000                     _ADON 04E8  
                   _LATA 010C                     _PLLR 04D6                     _WPUA 020C  
           __CFG_WRT$OFF 0000                     _max1 002A                     _max2 0029  
                   _max3 0028                     _blue 0025                     _max4 0027  
                   _main 0718                     _init 063A                     _temp 0021  
                   fsr0h 0005                     fsr1h 0007                     indf0 0000  
                   fsr0l 0004                     indf1 0001                     fsr1l 0006  
                   btemp 007E                     start 0002            __CFG_IESO$OFF 0000  
          __CFG_PLLEN$ON 0000                    ?_main 0070                    ?_init 0070  
        __end_of___awdiv 06A7          ___awdiv@divisor 0070          ___awdiv@counter 0075  
                  _PORTA 000C                    _TRISA 008C            __CFG_PWRTE$ON 0000  
         __CFG_FCMEN$OFF 0000          __end_of_maxLEDs 0901                    _green 0044  
         __CFG_BOREN$OFF 0000                    status 0003                    wtemp0 007E  
         __CFG_MCLRE$OFF 0000          __initialization 07EA             __end_of_main 07EA  
           __end_of_init 0656                   ??_main 0031                   ??_init 0070  
                 _ADCON0 009D                   _ADCON1 009E                   _ADRESH 009C  
       ___awdiv@dividend 0072                   _ANSELA 018C                   _INTCON 000B  
                 _LPFAvg 002C                   _OSCCON 0099                   _WDTCON 0097  
              ??___awdiv 0074           __CFG_STVREN$ON 0000                   _lights 06A7  
       ___awdiv@quotient 0077                   _tempIN 002B       __size_of_adConvert 0014  
__end_of__initialization 07FD           __pcstackCOMMON 0070             __pidataBANK0 061B  
             __pbssBANK0 0020               __pmaintext 0718        __end_of_adConvert 063A  
                ?_lights 0079             lights@height 0030                  ___awdiv 0656  
        __size_of_lights 0071                  _main$74 007C                  __ptext1 06A7  
                __ptext2 0656                  __ptext3 063A                  __ptext4 0626  
                _maxLEDs 0900                  _lastVal 002D                  _tempRed 0024  
                clrloop0 0610     end_of_initialization 07FD                  init_ram 0615  
                initloop 0616         __CFG_FOSC$INTOSC 0000           __end_of_lights 0718  
    start_initialization 07EA               lights@leds 0079              __pdataBANK0 003A  
               ??_lights 007A                _adConvert 0626                ___latbits 0001  
          __pcstackBANK0 002E                 ?___awdiv 0070               ?_adConvert 0070  
              _lights$66 002E         __CFG_WDTE$SWDTEN 0000                clear_ram0 060F  
              _tempGreen 0023                 _LPFInput 003A         __size_of___awdiv 0051  
            ??_adConvert 0070            __size_of_main 00D2            __size_of_init 001C  
               _tempBlue 0022        __CFG_CLKOUTEN$OFF 0000            adConvert@chan 0070  
          __pstringtext1 0800            __pstringtext2 0900               _OPTION_REG 0095  
         _LPFLookupTable 0800  
